#
# There is insufficient memory for the Java Runtime Environment to continue.
# Native memory allocation (malloc) failed to allocate 1048576 bytes for AllocateHeap
# Possible reasons:
#   The system is out of physical RAM or swap space
#   The process is running with CompressedOops enabled, and the Java Heap may be blocking the growth of the native heap
# Possible solutions:
#   Reduce memory load on the system
#   Increase physical memory or swap space
#   Check if swap backing store is full
#   Decrease Java heap size (-Xmx/-Xms)
#   Decrease number of Java threads
#   Decrease Java thread stack sizes (-Xss)
#   Set larger code cache with -XX:ReservedCodeCacheSize=
#   JVM is running with Unscaled Compressed Oops mode in which the Java heap is
#     placed in the first 4GB address space. The Java Heap base address is the
#     maximum limit for the native heap growth. Please use -XX:HeapBaseMinAddress
#     to set the Java Heap base and to place the Java Heap above 4GB virtual address.
# This output file may be truncated or incomplete.
#
#  Out of Memory Error (memory/allocation.inline.hpp:61), pid=8340, tid=0x00000000000025a0
#
# JRE version:  (8.0) (build )
# Java VM: OpenJDK 64-Bit Server VM (25.71-b00 mixed mode windows-amd64 compressed oops)
# Failed to write core dump. Minidumps are not enabled by default on client versions of Windows
#

---------------  T H R E A D  ---------------

Current thread (0x000000000276e000):  JavaThread "Unknown thread" [_thread_in_vm, id=9632, stack(0x00000000025a0000,0x00000000026a0000)]

Stack: [0x00000000025a0000,0x00000000026a0000]
[error occurred during error reporting (printing stack bounds), id 0xc0000005]

Native frames: (J=compiled Java code, j=interpreted, Vv=VM code, C=native code)


---------------  P R O C E S S  ---------------

Java Threads: ( => current thread )

Other Threads:

=>0x000000000276e000 (exited) JavaThread "Unknown thread" [_thread_in_vm, id=9632, stack(0x00000000025a0000,0x00000000026a0000)]

VM state:not at safepoint (normal execution)

VM Mutex/Monitor currently owned by a thread: None

heap address: 0x00000000c8e00000, size: 882 MB, Compressed Oops mode: 32-bit
Narrow klass base: 0x0000000000000000, Narrow klass shift: 3
Compressed class space size: 1073741824 Address: 0x0000000100000000

Heap:
 PSYoungGen      total 2048K, used 30K [0x00000000eda00000, 0x00000000edc80000, 0x0000000100000000)
  eden space 1536K, 2% used [0x00000000eda00000,0x00000000eda07af0,0x00000000edb80000)
  from space 512K, 0% used [0x00000000edc00000,0x00000000edc00000,0x00000000edc80000)
  to   space 512K, 0% used [0x00000000edb80000,0x00000000edb80000,0x00000000edc00000)
 ParOldGen       total 5632K, used 0K [0x00000000c8e00000, 0x00000000c9380000, 0x00000000eda00000)
  object space 5632K, 0% used [0x00000000c8e00000,0x00000000c8e00000,0x00000000c9380000)
 Metaspace       used 777K, capacity 4480K, committed 4480K, reserved 1056768K
  class space    used 74K, capacity 384K, committed 384K, reserved 1048576K

Card table byte_map: [0x0000000011c30000,0x0000000011df0000] byte_map_base: 0x00000000115e9000

Marking Bits: (ParMarkBitMap*) 0x0000000050ac8f30
 Begin Bits: [0x0000000012720000, 0x00000000134e8000)
 End Bits:   [0x00000000134e8000, 0x00000000142b0000)

Polling page: 0x0000000000d70000

CodeCache: size=245760Kb used=327Kb max_used=327Kb free=245432Kb
 bounds [0x0000000002870000, 0x0000000002ae0000, 0x0000000011870000]
 total_blobs=56 nmethods=0 adapters=38
 compilation: enabled

Compilation events (0 events):
No events

GC Heap History (0 events):
No events

Deoptimization events (0 events):
No events

Classes redefined (0 events):
No events

Internal exceptions (0 events):
No events

Events (10 events):
Event: 0.033 loading class java/lang/Short
Event: 0.033 loading class java/lang/Short done
Event: 0.033 loading class java/lang/Integer
Event: 0.034 loading class java/lang/Integer done
Event: 0.034 loading class java/lang/Long
Event: 0.034 loading class java/lang/Long done
Event: 0.035 loading class java/lang/NullPointerException
Event: 0.035 loading class java/lang/NullPointerException done
Event: 0.035 loading class java/lang/ArithmeticException
Event: 0.035 loading class java/lang/ArithmeticException done


Dynamic libraries:
0x00007ff6bef00000 - 0x00007ff6bef07000 	C:\Program Files\Android\Jdk\microsoft_dist_openjdk_1.8.0.25\bin\javac.exe
0x00007ffe5c240000 - 0x00007ffe5c430000 	C:\WINDOWS\SYSTEM32\ntdll.dll
0x00007ffe5bb10000 - 0x00007ffe5bbc2000 	C:\WINDOWS\System32\KERNEL32.DLL
0x00007ffe591f0000 - 0x00007ffe59495000 	C:\WINDOWS\System32\KERNELBASE.dll
0x00007ffe52a20000 - 0x00007ffe52a4f000 	C:\Program Files\Android\Jdk\microsoft_dist_openjdk_1.8.0.25\bin\jli.dll
0x0000000050220000 - 0x00000000502f1000 	C:\Program Files\Android\Jdk\microsoft_dist_openjdk_1.8.0.25\bin\MSVCR100.dll
0x00007ffe5b570000 - 0x00007ffe5b613000 	C:\WINDOWS\System32\ADVAPI32.dll
0x00007ffe5a320000 - 0x00007ffe5a3be000 	C:\WINDOWS\System32\msvcrt.dll
0x00007ffe5a5e0000 - 0x00007ffe5a677000 	C:\WINDOWS\System32\sechost.dll
0x00007ffe5b6d0000 - 0x00007ffe5b7ef000 	C:\WINDOWS\System32\RPCRT4.dll
0x00007ffe5b970000 - 0x00007ffe5bb04000 	C:\WINDOWS\System32\USER32.dll
0x00007ffe591c0000 - 0x00007ffe591e1000 	C:\WINDOWS\System32\win32u.dll
0x00007ffe43de0000 - 0x00007ffe44064000 	C:\WINDOWS\WinSxS\amd64_microsoft.windows.common-controls_6595b64144ccf1df_6.0.18362.1316_none_9e7a364fe461dbd7\COMCTL32.dll
0x00007ffe5a680000 - 0x00007ffe5a6a6000 	C:\WINDOWS\System32\GDI32.dll
0x00007ffe5af80000 - 0x00007ffe5b2b7000 	C:\WINDOWS\System32\combase.dll
0x00007ffe594a0000 - 0x00007ffe59638000 	C:\WINDOWS\System32\gdi32full.dll
0x00007ffe5a1a0000 - 0x00007ffe5a29a000 	C:\WINDOWS\System32\ucrtbase.dll
0x00007ffe59780000 - 0x00007ffe5981e000 	C:\WINDOWS\System32\msvcp_win.dll
0x00007ffe596f0000 - 0x00007ffe59771000 	C:\WINDOWS\System32\bcryptPrimitives.dll
0x00007ffe5a2f0000 - 0x00007ffe5a31e000 	C:\WINDOWS\System32\IMM32.DLL
0x0000000050b50000 - 0x0000000050c21000 	C:\Program Files\Android\Jdk\microsoft_dist_openjdk_1.8.0.25\jre\bin\msvcr100.dll
0x0000000050300000 - 0x0000000050b45000 	C:\Program Files\Android\Jdk\microsoft_dist_openjdk_1.8.0.25\jre\bin\server\jvm.dll
0x00007ffe5bbd0000 - 0x00007ffe5bbd8000 	C:\WINDOWS\System32\PSAPI.DLL
0x00007ffe55270000 - 0x00007ffe55279000 	C:\WINDOWS\SYSTEM32\WSOCK32.dll
0x00007ffe56ed0000 - 0x00007ffe56ef4000 	C:\WINDOWS\SYSTEM32\WINMM.dll
0x00007ffe53040000 - 0x00007ffe5304a000 	C:\WINDOWS\SYSTEM32\VERSION.dll
0x00007ffe5a560000 - 0x00007ffe5a5cf000 	C:\WINDOWS\System32\WS2_32.dll
0x00007ffe56ea0000 - 0x00007ffe56ecd000 	C:\WINDOWS\SYSTEM32\WINMMBASE.dll
0x00007ffe5a2a0000 - 0x00007ffe5a2ea000 	C:\WINDOWS\System32\cfgmgr32.dll
0x00007ffe52940000 - 0x00007ffe5294f000 	C:\Program Files\Android\Jdk\microsoft_dist_openjdk_1.8.0.25\jre\bin\verify.dll
0x00007ffe527b0000 - 0x00007ffe527d9000 	C:\Program Files\Android\Jdk\microsoft_dist_openjdk_1.8.0.25\jre\bin\java.dll
0x00007ffe51660000 - 0x00007ffe51676000 	C:\Program Files\Android\Jdk\microsoft_dist_openjdk_1.8.0.25\jre\bin\zip.dll

VM Arguments:
jvm_args: -Dapplication.home=C:\Program Files\Android\Jdk\microsoft_dist_openjdk_1.8.0.25 -Xms8m -Dfile.encoding=UTF8 
java_command: com.sun.tools.javac.Main @C:\Users\Aljann Nino Ondoy\AppData\Local\Temp\tmp262A.tmp -target 1.7 -source 1.7
java_class_path (initial): C:\Program Files\Android\Jdk\microsoft_dist_openjdk_1.8.0.25/lib/tools.jar;C:\Program Files\Android\Jdk\microsoft_dist_openjdk_1.8.0.25/classes
Launcher Type: SUN_STANDARD

Environment Variables:
PATH=C:\Program Files\Android\Jdk\microsoft_dist_openjdk_1.8.0.25\bin;C:\Program Files (x86)\NVIDIA Corporation\PhysX\Common;C:\Program Files (x86)\Common Files\Oracle\Java\javapath;C:\WINDOWS\system32;C:\WINDOWS;C:\WINDOWS\System32\Wbem;C:\WINDOWS\System32\WindowsPowerShell\v1.0\;C:\WINDOWS\System32\OpenSSH\;C:\Program Files\dotnet\;C:\Program Files\Git\cmd;C:\Program Files (x86)\dotnet\;C:\Users\Aljann Nino Ondoy\AppData\Local\Microsoft\WindowsApps;C:\Users\Aljann Nino Ondoy\.dotnet\tools;C:\xampp\php;C:\Users\Aljann Nino Ondoy\AppData\Local\ComposerSetup\bin;C:\Users\Aljann Nino Ondoy\AppData\Roaming\Composer\vendor\bin;C:\Users\Aljann Nino Ondoy\AppData\Local\Microsoft\WindowsApps;
USERNAME=Aljann Nino Ondoy
OS=Windows_NT
PROCESSOR_IDENTIFIER=AMD64 Family 23 Model 24 Stepping 1, AuthenticAMD



---------------  S Y S T E M  ---------------

OS: Windows 10.0 , 64 bit Build 18362 (10.0.18362.1316)

CPU:total 8 (initial active 8) (8 cores per cpu, 1 threads per core) family 23 model 24 stepping 1, cmov, cx8, fxsr, mmx, sse, sse2, sse3, ssse3, sse4.1, sse4.2, popcnt, avx, avx2, aes, clmul, mmxext, 3dnowpref, lzcnt, sse4a, tsc, tscinvbit, tscinv, bmi1

Memory: 4k page, physical 3607180k(801452k free), swap 17635980k(5576k free)

vm_info: OpenJDK 64-Bit Server VM (25.71-b00) for windows-amd64 JRE (1.8.0-25-microsoft-b00), built on Feb  7 2019 20:09:14 by "builder" with MS VC++ 10.0 (VS2010)

time: Wed Jan 20 23:29:28 2021
timezone: Malay Peninsula Standard Time
elapsed time: 0 seconds (0d 0h 0m 0s)

