#
# There is insufficient memory for the Java Runtime Environment to continue.
# Native memory allocation (malloc) failed to allocate 536384 bytes for Chunk::new
# Possible reasons:
#   The system is out of physical RAM or swap space
#   The process is running with CompressedOops enabled, and the Java Heap may be blocking the growth of the native heap
# Possible solutions:
#   Reduce memory load on the system
#   Increase physical memory or swap space
#   Check if swap backing store is full
#   Decrease Java heap size (-Xmx/-Xms)
#   Decrease number of Java threads
#   Decrease Java thread stack sizes (-Xss)
#   Set larger code cache with -XX:ReservedCodeCacheSize=
#   JVM is running with Unscaled Compressed Oops mode in which the Java heap is
#     placed in the first 4GB address space. The Java Heap base address is the
#     maximum limit for the native heap growth. Please use -XX:HeapBaseMinAddress
#     to set the Java Heap base and to place the Java Heap above 4GB virtual address.
# This output file may be truncated or incomplete.
#
#  Out of Memory Error (allocation.cpp:389), pid=220, tid=0x00000000000011d4
#
# JRE version: OpenJDK Runtime Environment (8.0) (build 1.8.0-25-microsoft-b00)
# Java VM: OpenJDK 64-Bit Server VM (25.71-b00 mixed mode windows-amd64 compressed oops)
# Failed to write core dump. Minidumps are not enabled by default on client versions of Windows
#

---------------  T H R E A D  ---------------

Current thread (0x0000000016b17800):  JavaThread "C2 CompilerThread1" daemon [_thread_in_native, id=4564, stack(0x00000000174e0000,0x00000000175e0000)]

Stack: [0x00000000174e0000,0x00000000175e0000]
[error occurred during error reporting (printing stack bounds), id 0xc0000005]

Native frames: (J=compiled Java code, j=interpreted, Vv=VM code, C=native code)


Current CompileTask:
C2:   1642  523   !   4       com.sun.tools.javac.parser.JavaTokenizer::readToken (2243 bytes)


---------------  P R O C E S S  ---------------

Java Threads: ( => current thread )
  0x0000000016bb2000 JavaThread "Service Thread" daemon [_thread_blocked, id=8932, stack(0x00000000177e0000,0x00000000178e0000)]
  0x0000000016b26000 JavaThread "C1 CompilerThread3" daemon [_thread_in_native, id=7592, stack(0x00000000176e0000,0x00000000177e0000)]
  0x0000000016b22800 JavaThread "C2 CompilerThread2" daemon [_thread_in_native, id=7472, stack(0x00000000175e0000,0x00000000176e0000)]
=>0x0000000016b17800 JavaThread "C2 CompilerThread1" daemon [_thread_in_native, id=4564, stack(0x00000000174e0000,0x00000000175e0000)]
  0x0000000016b11800 JavaThread "C2 CompilerThread0" daemon [_thread_in_native, id=4752, stack(0x00000000173e0000,0x00000000174e0000)]
  0x0000000016b10000 JavaThread "Attach Listener" daemon [_thread_blocked, id=7012, stack(0x00000000172e0000,0x00000000173e0000)]
  0x0000000016b0f000 JavaThread "Signal Dispatcher" daemon [_thread_blocked, id=7740, stack(0x00000000171e0000,0x00000000172e0000)]
  0x0000000016b00800 JavaThread "Finalizer" daemon [_thread_blocked, id=7824, stack(0x0000000016fe0000,0x00000000170e0000)]
  0x0000000002608800 JavaThread "Reference Handler" daemon [_thread_blocked, id=2352, stack(0x0000000016ee0000,0x0000000016fe0000)]
  0x00000000026ae000 JavaThread "main" [_thread_in_native, id=10028, stack(0x00000000023d0000,0x00000000024d0000)]

Other Threads:
  0x0000000014cd6800 VMThread [stack: 0x00000000169e0000,0x0000000016ae0000] [id=9916]
  0x0000000016bb3000 WatcherThread [stack: 0x00000000178e0000,0x00000000179e0000] [id=6356]

VM state:not at safepoint (normal execution)

VM Mutex/Monitor currently owned by a thread: None

heap address: 0x00000000c8e00000, size: 882 MB, Compressed Oops mode: 32-bit
Narrow klass base: 0x0000000000000000, Narrow klass shift: 3
Compressed class space size: 1073741824 Address: 0x0000000100000000

Heap:
 PSYoungGen      total 14336K, used 4803K [0x00000000eda00000, 0x00000000efd00000, 0x0000000100000000)
  eden space 11776K, 40% used [0x00000000eda00000,0x00000000edeb0d68,0x00000000ee580000)
  from space 2560K, 0% used [0x00000000ee580000,0x00000000ee580000,0x00000000ee800000)
  to   space 6144K, 0% used [0x00000000ef700000,0x00000000ef700000,0x00000000efd00000)
 ParOldGen       total 15360K, used 9083K [0x00000000c8e00000, 0x00000000c9d00000, 0x00000000eda00000)
  object space 15360K, 59% used [0x00000000c8e00000,0x00000000c96dee10,0x00000000c9d00000)
 Metaspace       used 7350K, capacity 8244K, committed 8320K, reserved 1056768K
  class space    used 858K, capacity 880K, committed 896K, reserved 1048576K

Card table byte_map: [0x00000000026b0000,0x0000000002870000] byte_map_base: 0x0000000002069000

Marking Bits: (ParMarkBitMap*) 0x00000000509e8f30
 Begin Bits: [0x00000000125a0000, 0x0000000013368000)
 End Bits:   [0x0000000013368000, 0x0000000014130000)

Polling page: 0x00000000006d0000

CodeCache: size=245760Kb used=3202Kb max_used=3208Kb free=242557Kb
 bounds [0x00000000028b0000, 0x0000000002be0000, 0x00000000118b0000]
 total_blobs=948 nmethods=663 adapters=200
 compilation: enabled

Compilation events (10 events):
Event: 1.572 Thread 0x0000000016b26000 nmethod 650 0x0000000002bb4c90 code [0x0000000002bb4e00, 0x0000000002bb4f88]
Event: 1.595 Thread 0x0000000016b26000  655       1       java.lang.Class::getClassLoader0 (5 bytes)
Event: 1.595 Thread 0x0000000016b26000 nmethod 655 0x0000000002b91090 code [0x0000000002b911e0, 0x0000000002b912f0]
Event: 1.596 Thread 0x0000000016b26000  656       3       com.sun.tools.javac.tree.TreeMaker::Ident (20 bytes)
Event: 1.596 Thread 0x0000000016b26000 nmethod 656 0x0000000002bb5010 code [0x0000000002bb5180, 0x0000000002bb54d0]
Event: 1.596 Thread 0x0000000016b26000  657       3       com.sun.tools.javac.tree.JCTree$JCIdent::<init> (15 bytes)
Event: 1.596 Thread 0x0000000016b26000 nmethod 657 0x0000000002bb5690 code [0x0000000002bb5800, 0x0000000002bb5a90]
Event: 1.599 Thread 0x0000000016b26000  658       3       com.sun.tools.javac.parser.JavacParser::typeArgumentsOpt (49 bytes)
Event: 1.600 Thread 0x0000000016b26000 nmethod 658 0x0000000002bb5bd0 code [0x0000000002bb5d60, 0x0000000002bb6038]
Event: 1.600 Thread 0x0000000016b26000  659       3       java.util.ArrayList::remove (69 bytes)

GC Heap History (10 events):
Event: 0.572 GC heap before
{Heap before GC invocations=4 (full 0):
 PSYoungGen      total 3584K, used 3568K [0x00000000eda00000, 0x00000000ee100000, 0x0000000100000000)
  eden space 3072K, 100% used [0x00000000eda00000,0x00000000edd00000,0x00000000edd00000)
  from space 512K, 96% used [0x00000000edd00000,0x00000000edd7c020,0x00000000edd80000)
  to   space 512K, 0% used [0x00000000ee080000,0x00000000ee080000,0x00000000ee100000)
 ParOldGen       total 5632K, used 640K [0x00000000c8e00000, 0x00000000c9380000, 0x00000000eda00000)
  object space 5632K, 11% used [0x00000000c8e00000,0x00000000c8ea0020,0x00000000c9380000)
 Metaspace       used 5895K, capacity 7180K, committed 7552K, reserved 1056768K
  class space    used 721K, capacity 776K, committed 896K, reserved 1048576K
Event: 0.573 GC heap after
Heap after GC invocations=4 (full 0):
 PSYoungGen      total 6656K, used 500K [0x00000000eda00000, 0x00000000ee100000, 0x0000000100000000)
  eden space 6144K, 0% used [0x00000000eda00000,0x00000000eda00000,0x00000000ee000000)
  from space 512K, 97% used [0x00000000ee080000,0x00000000ee0fd290,0x00000000ee100000)
  to   space 512K, 0% used [0x00000000ee000000,0x00000000ee000000,0x00000000ee080000)
 ParOldGen       total 5632K, used 816K [0x00000000c8e00000, 0x00000000c9380000, 0x00000000eda00000)
  object space 5632K, 14% used [0x00000000c8e00000,0x00000000c8ecc040,0x00000000c9380000)
 Metaspace       used 5895K, capacity 7180K, committed 7552K, reserved 1056768K
  class space    used 721K, capacity 776K, committed 896K, reserved 1048576K
}
Event: 1.336 GC heap before
{Heap before GC invocations=5 (full 0):
 PSYoungGen      total 6656K, used 6634K [0x00000000eda00000, 0x00000000ee100000, 0x0000000100000000)
  eden space 6144K, 99% used [0x00000000eda00000,0x00000000edffd8d0,0x00000000ee000000)
  from space 512K, 97% used [0x00000000ee080000,0x00000000ee0fd290,0x00000000ee100000)
  to   space 512K, 0% used [0x00000000ee000000,0x00000000ee000000,0x00000000ee080000)
 ParOldGen       total 5632K, used 816K [0x00000000c8e00000, 0x00000000c9380000, 0x00000000eda00000)
  object space 5632K, 14% used [0x00000000c8e00000,0x00000000c8ecc040,0x00000000c9380000)
 Metaspace       used 7277K, capacity 8180K, committed 8320K, reserved 1056768K
  class space    used 858K, capacity 880K, committed 896K, reserved 1048576K
Event: 1.339 GC heap after
Heap after GC invocations=5 (full 0):
 PSYoungGen      total 6656K, used 480K [0x00000000eda00000, 0x00000000eea00000, 0x0000000100000000)
  eden space 6144K, 0% used [0x00000000eda00000,0x00000000eda00000,0x00000000ee000000)
  from space 512K, 93% used [0x00000000ee000000,0x00000000ee078010,0x00000000ee080000)
  to   space 2048K, 0% used [0x00000000ee800000,0x00000000ee800000,0x00000000eea00000)
 ParOldGen       total 5632K, used 2200K [0x00000000c8e00000, 0x00000000c9380000, 0x00000000eda00000)
  object space 5632K, 39% used [0x00000000c8e00000,0x00000000c9026108,0x00000000c9380000)
 Metaspace       used 7277K, capacity 8180K, committed 8320K, reserved 1056768K
  class space    used 858K, capacity 880K, committed 896K, reserved 1048576K
}
Event: 1.457 GC heap before
{Heap before GC invocations=6 (full 0):
 PSYoungGen      total 6656K, used 6624K [0x00000000eda00000, 0x00000000eea00000, 0x0000000100000000)
  eden space 6144K, 100% used [0x00000000eda00000,0x00000000ee000000,0x00000000ee000000)
  from space 512K, 93% used [0x00000000ee000000,0x00000000ee078010,0x00000000ee080000)
  to   space 2048K, 0% used [0x00000000ee800000,0x00000000ee800000,0x00000000eea00000)
 ParOldGen       total 5632K, used 2200K [0x00000000c8e00000, 0x00000000c9380000, 0x00000000eda00000)
  object space 5632K, 39% used [0x00000000c8e00000,0x00000000c9026108,0x00000000c9380000)
 Metaspace       used 7322K, capacity 8180K, committed 8320K, reserved 1056768K
  class space    used 858K, capacity 880K, committed 896K, reserved 1048576K
Event: 1.461 GC heap after
Heap after GC invocations=6 (full 0):
 PSYoungGen      total 13824K, used 2028K [0x00000000eda00000, 0x00000000eeb00000, 0x0000000100000000)
  eden space 11776K, 0% used [0x00000000eda00000,0x00000000eda00000,0x00000000ee580000)
  from space 2048K, 99% used [0x00000000ee800000,0x00000000ee9fb2d8,0x00000000eea00000)
  to   space 2560K, 0% used [0x00000000ee580000,0x00000000ee580000,0x00000000ee800000)
 ParOldGen       total 5632K, used 2480K [0x00000000c8e00000, 0x00000000c9380000, 0x00000000eda00000)
  object space 5632K, 44% used [0x00000000c8e00000,0x00000000c906c108,0x00000000c9380000)
 Metaspace       used 7322K, capacity 8180K, committed 8320K, reserved 1056768K
  class space    used 858K, capacity 880K, committed 896K, reserved 1048576K
}
Event: 1.536 GC heap before
{Heap before GC invocations=7 (full 0):
 PSYoungGen      total 13824K, used 11416K [0x00000000eda00000, 0x00000000eeb00000, 0x0000000100000000)
  eden space 11776K, 79% used [0x00000000eda00000,0x00000000ee32ad48,0x00000000ee580000)
  from space 2048K, 99% used [0x00000000ee800000,0x00000000ee9fb2d8,0x00000000eea00000)
  to   space 2560K, 0% used [0x00000000ee580000,0x00000000ee580000,0x00000000ee800000)
 ParOldGen       total 5632K, used 2480K [0x00000000c8e00000, 0x00000000c9380000, 0x00000000eda00000)
  object space 5632K, 44% used [0x00000000c8e00000,0x00000000c906c108,0x00000000c9380000)
 Metaspace       used 7325K, capacity 8180K, committed 8320K, reserved 1056768K
  class space    used 858K, capacity 880K, committed 896K, reserved 1048576K
Event: 1.543 GC heap after
Heap after GC invocations=7 (full 0):
 PSYoungGen      total 14336K, used 2529K [0x00000000eda00000, 0x00000000efd00000, 0x0000000100000000)
  eden space 11776K, 0% used [0x00000000eda00000,0x00000000eda00000,0x00000000ee580000)
  from space 2560K, 98% used [0x00000000ee580000,0x00000000ee7f86a8,0x00000000ee800000)
  to   space 6144K, 0% used [0x00000000ef700000,0x00000000ef700000,0x00000000efd00000)
 ParOldGen       total 9728K, used 8301K [0x00000000c8e00000, 0x00000000c9780000, 0x00000000eda00000)
  object space 9728K, 85% used [0x00000000c8e00000,0x00000000c961b610,0x00000000c9780000)
 Metaspace       used 7325K, capacity 8180K, committed 8320K, reserved 1056768K
  class space    used 858K, capacity 880K, committed 896K, reserved 1048576K
}
Event: 1.543 GC heap before
{Heap before GC invocations=8 (full 1):
 PSYoungGen      total 14336K, used 2529K [0x00000000eda00000, 0x00000000efd00000, 0x0000000100000000)
  eden space 11776K, 0% used [0x00000000eda00000,0x00000000eda00000,0x00000000ee580000)
  from space 2560K, 98% used [0x00000000ee580000,0x00000000ee7f86a8,0x00000000ee800000)
  to   space 6144K, 0% used [0x00000000ef700000,0x00000000ef700000,0x00000000efd00000)
 ParOldGen       total 9728K, used 8301K [0x00000000c8e00000, 0x00000000c9780000, 0x00000000eda00000)
  object space 9728K, 85% used [0x00000000c8e00000,0x00000000c961b610,0x00000000c9780000)
 Metaspace       used 7325K, capacity 8180K, committed 8320K, reserved 1056768K
  class space    used 858K, capacity 880K, committed 896K, reserved 1048576K
Event: 1.565 GC heap after
Heap after GC invocations=8 (full 1):
 PSYoungGen      total 14336K, used 0K [0x00000000eda00000, 0x00000000efd00000, 0x0000000100000000)
  eden space 11776K, 0% used [0x00000000eda00000,0x00000000eda00000,0x00000000ee580000)
  from space 2560K, 0% used [0x00000000ee580000,0x00000000ee580000,0x00000000ee800000)
  to   space 6144K, 0% used [0x00000000ef700000,0x00000000ef700000,0x00000000efd00000)
 ParOldGen       total 15360K, used 9083K [0x00000000c8e00000, 0x00000000c9d00000, 0x00000000eda00000)
  object space 15360K, 59% used [0x00000000c8e00000,0x00000000c96dee10,0x00000000c9d00000)
 Metaspace       used 7325K, capacity 8180K, committed 8320K, reserved 1056768K
  class space    used 858K, capacity 880K, committed 896K, reserved 1048576K
}

Deoptimization events (10 events):
Event: 1.168 Thread 0x00000000026ae000 Uncommon trap: reason=unstable_if action=reinterpret pc=0x0000000002a3759c method=java.lang.String.replace(CC)Ljava/lang/String; @ 26
Event: 1.189 Thread 0x00000000026ae000 Uncommon trap: reason=unstable_if action=reinterpret pc=0x0000000002abd704 method=java.io.WinNTFileSystem.normalize(Ljava/lang/String;)Ljava/lang/String; @ 40
Event: 1.318 Thread 0x00000000026ae000 Uncommon trap: reason=unstable_if action=reinterpret pc=0x0000000002afa358 method=com.sun.tools.javac.parser.UnicodeReader.scanChar()V @ 37
Event: 1.321 Thread 0x00000000026ae000 Uncommon trap: reason=unstable_if action=reinterpret pc=0x0000000002afc414 method=com.sun.tools.javac.parser.UnicodeReader.scanChar()V @ 37
Event: 1.321 Thread 0x00000000026ae000 Uncommon trap: reason=unstable_if action=reinterpret pc=0x0000000002a72d24 method=java.lang.String.<init>([CII)V @ 18
Event: 1.424 Thread 0x00000000026ae000 Uncommon trap: reason=unstable_if action=reinterpret pc=0x0000000002b19c34 method=com.sun.tools.javac.util.ArrayUtils.ensureCapacity([CI)[C @ 3
Event: 1.424 Thread 0x00000000026ae000 Uncommon trap: reason=unstable_if action=reinterpret pc=0x0000000002afa7c8 method=com.sun.tools.javac.parser.UnicodeReader.scanChar()V @ 37
Event: 1.463 Thread 0x00000000026ae000 Uncommon trap: reason=unstable_if action=reinterpret pc=0x0000000002b90a00 method=sun.nio.cs.UTF_8$Decoder.decodeArrayLoop(Ljava/nio/ByteBuffer;Ljava/nio/CharBuffer;)Ljava/nio/charset/CoderResult; @ 84
Event: 1.566 Thread 0x00000000026ae000 Uncommon trap: reason=unstable_if action=reinterpret pc=0x0000000002b93f90 method=com.sun.tools.javac.util.Position$LineMapImpl.build([CI)V @ 42
Event: 1.566 Thread 0x00000000026ae000 Uncommon trap: reason=unstable_if action=reinterpret pc=0x0000000002b8c578 method=com.sun.tools.javac.util.Position$LineMapImpl.build([CI)V @ 42

Classes redefined (0 events):
No events

Internal exceptions (10 events):
Event: 0.045 Thread 0x00000000026ae000 Exception <a 'java/lang/NoSuchMethodError': Method sun.misc.Unsafe.defineClass(Ljava/lang/String;[BII)Ljava/lang/Class; name or signature does not match> (0x00000000eda07cd8) thrown at [D:\j\worksp~1\openjd~3\jdk8u\hotspot\src\share\vm\prims\jni.cpp, line
Event: 0.045 Thread 0x00000000026ae000 Exception <a 'java/lang/NoSuchMethodError': Method sun.misc.Unsafe.prefetchRead(Ljava/lang/Object;J)V name or signature does not match> (0x00000000eda07fc0) thrown at [D:\j\worksp~1\openjd~3\jdk8u\hotspot\src\share\vm\prims\jni.cpp, line 4012]
Event: 0.207 Thread 0x00000000026ae000 Exception <a 'java/security/PrivilegedActionException'> (0x00000000edb75518) thrown at [D:\j\worksp~1\openjd~3\jdk8u\hotspot\src\share\vm\prims\jvm.cpp, line 1508]
Event: 0.207 Thread 0x00000000026ae000 Exception <a 'java/security/PrivilegedActionException'> (0x00000000edb75910) thrown at [D:\j\worksp~1\openjd~3\jdk8u\hotspot\src\share\vm\prims\jvm.cpp, line 1508]
Event: 0.208 Thread 0x00000000026ae000 Exception <a 'java/security/PrivilegedActionException'> (0x00000000edb79e18) thrown at [D:\j\worksp~1\openjd~3\jdk8u\hotspot\src\share\vm\prims\jvm.cpp, line 1508]
Event: 0.208 Thread 0x00000000026ae000 Exception <a 'java/security/PrivilegedActionException'> (0x00000000edb7a210) thrown at [D:\j\worksp~1\openjd~3\jdk8u\hotspot\src\share\vm\prims\jvm.cpp, line 1508]
Event: 0.209 Thread 0x00000000026ae000 Exception <a 'java/security/PrivilegedActionException'> (0x00000000edb7bb38) thrown at [D:\j\worksp~1\openjd~3\jdk8u\hotspot\src\share\vm\prims\jvm.cpp, line 1508]
Event: 0.209 Thread 0x00000000026ae000 Exception <a 'java/security/PrivilegedActionException'> (0x00000000edb7bf30) thrown at [D:\j\worksp~1\openjd~3\jdk8u\hotspot\src\share\vm\prims\jvm.cpp, line 1508]
Event: 0.219 Thread 0x00000000026ae000 Exception <a 'java/security/PrivilegedActionException'> (0x00000000eda092d0) thrown at [D:\j\worksp~1\openjd~3\jdk8u\hotspot\src\share\vm\prims\jvm.cpp, line 1508]
Event: 0.219 Thread 0x00000000026ae000 Exception <a 'java/security/PrivilegedActionException'> (0x00000000eda326b0) thrown at [D:\j\worksp~1\openjd~3\jdk8u\hotspot\src\share\vm\prims\jvm.cpp, line 1508]

Events (10 events):
Event: 1.533 Thread 0x00000000026ae000 DEOPT PACKING pc=0x0000000002ba6f6c sp=0x00000000024ce220
Event: 1.533 Thread 0x00000000026ae000 DEOPT UNPACKING pc=0x00000000028f71d0 sp=0x00000000024cdf58 mode 0
Event: 1.536 Executing VM operation: ParallelGCFailedAllocation
Event: 1.565 Executing VM operation: ParallelGCFailedAllocation done
Event: 1.566 Thread 0x00000000026ae000 Uncommon trap: trap_request=0xffffff65 fr.pc=0x0000000002b93f90
Event: 1.566 Thread 0x00000000026ae000 DEOPT PACKING pc=0x0000000002b93f90 sp=0x00000000024ce940
Event: 1.566 Thread 0x00000000026ae000 DEOPT UNPACKING pc=0x00000000028f557b sp=0x00000000024ce900 mode 2
Event: 1.566 Thread 0x00000000026ae000 Uncommon trap: trap_request=0xffffff65 fr.pc=0x0000000002b8c578
Event: 1.566 Thread 0x00000000026ae000 DEOPT PACKING pc=0x0000000002b8c578 sp=0x00000000024ce940
Event: 1.566 Thread 0x00000000026ae000 DEOPT UNPACKING pc=0x00000000028f557b sp=0x00000000024ce900 mode 2


Dynamic libraries:
0x00007ff785120000 - 0x00007ff785127000 	C:\Program Files\Android\Jdk\microsoft_dist_openjdk_1.8.0.25\bin\javac.exe
0x00007ffe5c240000 - 0x00007ffe5c430000 	C:\WINDOWS\SYSTEM32\ntdll.dll
0x00007ffe5bb10000 - 0x00007ffe5bbc2000 	C:\WINDOWS\System32\KERNEL32.DLL
0x00007ffe591f0000 - 0x00007ffe59495000 	C:\WINDOWS\System32\KERNELBASE.dll
0x00007ffe527e0000 - 0x00007ffe5280f000 	C:\Program Files\Android\Jdk\microsoft_dist_openjdk_1.8.0.25\bin\jli.dll
0x0000000050b50000 - 0x0000000050c21000 	C:\Program Files\Android\Jdk\microsoft_dist_openjdk_1.8.0.25\bin\MSVCR100.dll
0x00007ffe5b570000 - 0x00007ffe5b613000 	C:\WINDOWS\System32\ADVAPI32.dll
0x00007ffe5a320000 - 0x00007ffe5a3be000 	C:\WINDOWS\System32\msvcrt.dll
0x00007ffe5a5e0000 - 0x00007ffe5a677000 	C:\WINDOWS\System32\sechost.dll
0x00007ffe5b6d0000 - 0x00007ffe5b7ef000 	C:\WINDOWS\System32\RPCRT4.dll
0x00007ffe5b970000 - 0x00007ffe5bb04000 	C:\WINDOWS\System32\USER32.dll
0x00007ffe591c0000 - 0x00007ffe591e1000 	C:\WINDOWS\System32\win32u.dll
0x00007ffe43de0000 - 0x00007ffe44064000 	C:\WINDOWS\WinSxS\amd64_microsoft.windows.common-controls_6595b64144ccf1df_6.0.18362.1316_none_9e7a364fe461dbd7\COMCTL32.dll
0x00007ffe5a680000 - 0x00007ffe5a6a6000 	C:\WINDOWS\System32\GDI32.dll
0x00007ffe5af80000 - 0x00007ffe5b2b7000 	C:\WINDOWS\System32\combase.dll
0x00007ffe594a0000 - 0x00007ffe59638000 	C:\WINDOWS\System32\gdi32full.dll
0x00007ffe5a1a0000 - 0x00007ffe5a29a000 	C:\WINDOWS\System32\ucrtbase.dll
0x00007ffe59780000 - 0x00007ffe5981e000 	C:\WINDOWS\System32\msvcp_win.dll
0x00007ffe596f0000 - 0x00007ffe59771000 	C:\WINDOWS\System32\bcryptPrimitives.dll
0x00007ffe5a2f0000 - 0x00007ffe5a31e000 	C:\WINDOWS\System32\IMM32.DLL
0x0000000050a70000 - 0x0000000050b41000 	C:\Program Files\Android\Jdk\microsoft_dist_openjdk_1.8.0.25\jre\bin\msvcr100.dll
0x0000000050220000 - 0x0000000050a65000 	C:\Program Files\Android\Jdk\microsoft_dist_openjdk_1.8.0.25\jre\bin\server\jvm.dll
0x00007ffe5bbd0000 - 0x00007ffe5bbd8000 	C:\WINDOWS\System32\PSAPI.DLL
0x00007ffe55260000 - 0x00007ffe55269000 	C:\WINDOWS\SYSTEM32\WSOCK32.dll
0x00007ffe56ed0000 - 0x00007ffe56ef4000 	C:\WINDOWS\SYSTEM32\WINMM.dll
0x00007ffe53040000 - 0x00007ffe5304a000 	C:\WINDOWS\SYSTEM32\VERSION.dll
0x00007ffe5a560000 - 0x00007ffe5a5cf000 	C:\WINDOWS\System32\WS2_32.dll
0x00007ffe56ea0000 - 0x00007ffe56ecd000 	C:\WINDOWS\SYSTEM32\winmmbase.dll
0x00007ffe5a2a0000 - 0x00007ffe5a2ea000 	C:\WINDOWS\System32\cfgmgr32.dll
0x00007ffe52840000 - 0x00007ffe5284f000 	C:\Program Files\Android\Jdk\microsoft_dist_openjdk_1.8.0.25\jre\bin\verify.dll
0x00007ffe527b0000 - 0x00007ffe527d9000 	C:\Program Files\Android\Jdk\microsoft_dist_openjdk_1.8.0.25\jre\bin\java.dll
0x00007ffe51900000 - 0x00007ffe51916000 	C:\Program Files\Android\Jdk\microsoft_dist_openjdk_1.8.0.25\jre\bin\zip.dll
0x00007ffe5a730000 - 0x00007ffe5ae18000 	C:\WINDOWS\System32\SHELL32.dll
0x00007ffe5b390000 - 0x00007ffe5b437000 	C:\WINDOWS\System32\shcore.dll
0x00007ffe598b0000 - 0x00007ffe5a02b000 	C:\WINDOWS\System32\windows.storage.dll
0x00007ffe59170000 - 0x00007ffe59193000 	C:\WINDOWS\System32\profapi.dll
0x00007ffe59100000 - 0x00007ffe5914a000 	C:\WINDOWS\System32\powrprof.dll
0x00007ffe590f0000 - 0x00007ffe59100000 	C:\WINDOWS\System32\UMPDC.dll
0x00007ffe5b510000 - 0x00007ffe5b562000 	C:\WINDOWS\System32\shlwapi.dll
0x00007ffe591a0000 - 0x00007ffe591b1000 	C:\WINDOWS\System32\kernel.appcore.dll
0x00007ffe5a030000 - 0x00007ffe5a047000 	C:\WINDOWS\System32\cryptsp.dll

VM Arguments:
jvm_args: -Dapplication.home=C:\Program Files\Android\Jdk\microsoft_dist_openjdk_1.8.0.25 -Xms8m -Dfile.encoding=UTF8 
java_command: com.sun.tools.javac.Main @C:\Users\Aljann Nino Ondoy\AppData\Local\Temp\tmpB67E.tmp -target 1.7 -source 1.7
java_class_path (initial): C:\Program Files\Android\Jdk\microsoft_dist_openjdk_1.8.0.25/lib/tools.jar;C:\Program Files\Android\Jdk\microsoft_dist_openjdk_1.8.0.25/classes
Launcher Type: SUN_STANDARD

Environment Variables:
PATH=C:\Program Files\Android\Jdk\microsoft_dist_openjdk_1.8.0.25\bin;C:\Program Files (x86)\NVIDIA Corporation\PhysX\Common;C:\Program Files (x86)\Common Files\Oracle\Java\javapath;C:\WINDOWS\system32;C:\WINDOWS;C:\WINDOWS\System32\Wbem;C:\WINDOWS\System32\WindowsPowerShell\v1.0\;C:\WINDOWS\System32\OpenSSH\;C:\Program Files\dotnet\;C:\Program Files\Git\cmd;C:\Program Files (x86)\dotnet\;C:\Users\Aljann Nino Ondoy\AppData\Local\Microsoft\WindowsApps;C:\Users\Aljann Nino Ondoy\.dotnet\tools;C:\xampp\php;C:\Users\Aljann Nino Ondoy\AppData\Local\ComposerSetup\bin;C:\Users\Aljann Nino Ondoy\AppData\Roaming\Composer\vendor\bin;C:\Users\Aljann Nino Ondoy\AppData\Local\Microsoft\WindowsApps;
USERNAME=Aljann Nino Ondoy
OS=Windows_NT
PROCESSOR_IDENTIFIER=AMD64 Family 23 Model 24 Stepping 1, AuthenticAMD



---------------  S Y S T E M  ---------------

OS: Windows 10.0 , 64 bit Build 18362 (10.0.18362.1316)

CPU:total 8 (initial active 8) (8 cores per cpu, 1 threads per core) family 23 model 24 stepping 1, cmov, cx8, fxsr, mmx, sse, sse2, sse3, ssse3, sse4.1, sse4.2, popcnt, avx, avx2, aes, clmul, mmxext, 3dnowpref, lzcnt, sse4a, tsc, tscinvbit, tscinv, bmi1

Memory: 4k page, physical 3607180k(718200k free), swap 17635980k(10044k free)

vm_info: OpenJDK 64-Bit Server VM (25.71-b00) for windows-amd64 JRE (1.8.0-25-microsoft-b00), built on Feb  7 2019 20:09:14 by "builder" with MS VC++ 10.0 (VS2010)

time: Wed Jan 20 23:37:43 2021
timezone: Malay Peninsula Standard Time
elapsed time: 1 seconds (0d 0h 0m 1s)

